<?xml version="1.0" encoding="utf-8"?><testsuites name="pytest tests"><testsuite name="pytest" errors="0" failures="0" skipped="0" tests="22" time="3.161" timestamp="2026-03-28T14:30:19.919119+00:00" hostname="agent-env-e5b56f44-60ef-4636-af32-14f86abde09b"><testcase classname="backend.tests.test_new_features.TestTemplatesAPI" name="test_get_all_templates_returns_12" time="0.476" /><testcase classname="backend.tests.test_new_features.TestTemplatesAPI" name="test_templates_have_required_fields" time="0.050" /><testcase classname="backend.tests.test_new_features.TestTemplatesAPI" name="test_get_single_template_invite_sent" time="0.049" /><testcase classname="backend.tests.test_new_features.TestTemplatesAPI" name="test_put_template_saves_data" time="0.048" /><testcase classname="backend.tests.test_new_features.TestTemplatesAPI" name="test_get_template_after_save_returns_saved_data" time="0.049" /><testcase classname="backend.tests.test_new_features.TestTemplatesAPI" name="test_list_templates_configured_count_increases" time="0.056" /><testcase classname="backend.tests.test_new_features.TestTemplatesAPI" name="test_put_template_invalid_event_type" time="0.047" /><testcase classname="backend.tests.test_new_features.TestTemplatesAPI" name="test_delete_template_invite_sent" time="0.099" /><testcase classname="backend.tests.test_new_features.TestTemplatesAPI" name="test_delete_nonexistent_template_returns_404" time="0.055" /><testcase classname="backend.tests.test_new_features.TestTemplatesAPI" name="test_templates_require_admin_auth" time="0.141" /><testcase classname="backend.tests.test_new_features.TestTemplatesAPI" name="test_get_event_types_endpoint" time="0.049" /><testcase classname="backend.tests.test_new_features.TestCalendarSyncAPI" name="test_calendar_status_returns_connected_field" time="0.432" /><testcase classname="backend.tests.test_new_features.TestCalendarSyncAPI" name="test_calendar_connect_sets_connected_true" time="0.052" /><testcase classname="backend.tests.test_new_features.TestCalendarSyncAPI" name="test_calendar_status_after_connect_shows_connected" time="0.050" /><testcase classname="backend.tests.test_new_features.TestCalendarSyncAPI" name="test_calendar_disconnect_sets_connected_false" time="0.052" /><testcase classname="backend.tests.test_new_features.TestCalendarSyncAPI" name="test_calendar_status_after_disconnect_shows_false" time="0.055" /><testcase classname="backend.tests.test_new_features.TestCalendarSyncAPI" name="test_calendar_requires_auth" time="0.098" /><testcase classname="backend.tests.test_new_features.TestNinetyMinBuffer" name="test_invite_creates_ok_without_conflict" time="0.492" /><testcase classname="backend.tests.test_new_features.TestNinetyMinBuffer" name="test_90min_buffer_returns_409_on_conflict" time="0.332" /><testcase classname="backend.tests.test_new_features.TestContractDownload" name="test_contract_returns_400_for_non_accepted_invite" time="0.150" /><testcase classname="backend.tests.test_new_features.TestContractDownload" name="test_contract_download_pdf_for_accepted_invite" time="0.203" /><testcase classname="backend.tests.test_new_features.TestContractDownload" name="test_contract_returns_404_for_nonexistent_invite" time="0.054" /></testsuite></testsuites>