<?xml version="1.0" encoding="utf-8"?><testsuites name="pytest tests"><testsuite name="pytest" errors="0" failures="0" skipped="0" tests="21" time="2.782" timestamp="2026-03-28T15:47:05.859855+00:00" hostname="agent-env-e5b56f44-60ef-4636-af32-14f86abde09b"><testcase classname="backend.tests.test_p1_ratings_notes.TestPendingRatings" name="test_get_pending_ratings_unauthenticated" time="0.214" /><testcase classname="backend.tests.test_p1_ratings_notes.TestPendingRatings" name="test_get_pending_ratings_as_lead" time="1.394" /><testcase classname="backend.tests.test_p1_ratings_notes.TestPendingRatings" name="test_get_pending_ratings_as_freelancer" time="0.057" /><testcase classname="backend.tests.test_p1_ratings_notes.TestSubmitRating" name="test_submit_rating_unauthenticated" time="0.047" /><testcase classname="backend.tests.test_p1_ratings_notes.TestSubmitRating" name="test_submit_rating_invalid_gig" time="0.047" /><testcase classname="backend.tests.test_p1_ratings_notes.TestSubmitRating" name="test_submit_rating_lead_rates_freelancer" time="0.063" /><testcase classname="backend.tests.test_p1_ratings_notes.TestSubmitRating" name="test_submit_rating_duplicate_returns_400" time="0.051" /><testcase classname="backend.tests.test_p1_ratings_notes.TestSubmitRating" name="test_pending_ratings_empty_after_rating" time="0.051" /><testcase classname="backend.tests.test_p1_ratings_notes.TestSubmitRating" name="test_submit_rating_freelancer_rates_lead" time="0.048" /><testcase classname="backend.tests.test_p1_ratings_notes.TestSubmitRating" name="test_get_user_ratings_after_submission" time="0.057" /><testcase classname="backend.tests.test_p1_ratings_notes.TestPrivateNotes" name="test_get_note_unauthenticated" time="0.051" /><testcase classname="backend.tests.test_p1_ratings_notes.TestPrivateNotes" name="test_get_note_returns_empty_when_none_exists" time="0.108" /><testcase classname="backend.tests.test_p1_ratings_notes.TestPrivateNotes" name="test_put_note_creates_note" time="0.049" /><testcase classname="backend.tests.test_p1_ratings_notes.TestPrivateNotes" name="test_get_note_returns_content_after_save" time="0.047" /><testcase classname="backend.tests.test_p1_ratings_notes.TestPrivateNotes" name="test_put_note_updates_existing" time="0.098" /><testcase classname="backend.tests.test_p1_ratings_notes.TestPrivateNotes" name="test_note_privacy_other_user_cannot_see" time="0.058" /><testcase classname="backend.tests.test_p1_ratings_notes.TestPrivateNotes" name="test_cannot_add_note_about_yourself" time="0.045" /><testcase classname="backend.tests.test_p1_ratings_notes.TestPrivateNotes" name="test_delete_note" time="0.048" /><testcase classname="backend.tests.test_p1_ratings_notes.TestPrivateNotes" name="test_get_note_returns_empty_after_delete" time="0.050" /><testcase classname="backend.tests.test_p1_ratings_notes.TestPrivateNotes" name="test_delete_nonexistent_note_returns_404" time="0.049" /><testcase classname="backend.tests.test_p1_ratings_notes.TestPrivateNotes" name="test_put_note_for_nonexistent_user_returns_404" time="0.048" /></testsuite></testsuites>