<?xml version="1.0" encoding="utf-8"?><testsuites name="pytest tests"><testsuite name="pytest" errors="0" failures="0" skipped="0" tests="30" time="4.304" timestamp="2026-03-29T10:55:22.421003+00:00" hostname="agent-env-810d4993-d53a-46de-8b8b-7750beca7892"><testcase classname="backend.tests.test_plans_feature.TestHealth" name="test_api_health" time="0.118" /><testcase classname="backend.tests.test_plans_feature.TestPublicPlans" name="test_get_plans_no_auth" time="0.098" /><testcase classname="backend.tests.test_plans_feature.TestPublicPlans" name="test_get_plans_structure" time="0.109" /><testcase classname="backend.tests.test_plans_feature.TestAdminPlans" name="test_admin_list_all_plans" time="0.578" /><testcase classname="backend.tests.test_plans_feature.TestAdminPlans" name="test_admin_list_plans_requires_auth" time="0.096" /><testcase classname="backend.tests.test_plans_feature.TestAdminPlans" name="test_create_plan_basic" time="0.103" /><testcase classname="backend.tests.test_plans_feature.TestAdminPlans" name="test_create_plan_with_gig_access" time="0.100" /><testcase classname="backend.tests.test_plans_feature.TestAdminPlans" name="test_plan_appears_in_admin_list" time="0.101" /><testcase classname="backend.tests.test_plans_feature.TestAdminPlans" name="test_active_plan_appears_in_public_list" time="0.103" /><testcase classname="backend.tests.test_plans_feature.TestAdminPlans" name="test_edit_plan_name_and_price" time="0.123" /><testcase classname="backend.tests.test_plans_feature.TestAdminPlans" name="test_verify_plan_update_persisted" time="0.107" /><testcase classname="backend.tests.test_plans_feature.TestAdminPlans" name="test_toggle_plan_inactive" time="0.100" /><testcase classname="backend.tests.test_plans_feature.TestAdminPlans" name="test_inactive_plan_not_in_public_list" time="0.101" /><testcase classname="backend.tests.test_plans_feature.TestAdminPlans" name="test_inactive_plan_still_in_admin_list" time="0.103" /><testcase classname="backend.tests.test_plans_feature.TestAdminPlans" name="test_admin_plan_has_user_count" time="0.099" /><testcase classname="backend.tests.test_plans_feature.TestAdminPlans" name="test_delete_plan_with_zero_users" time="0.097" /><testcase classname="backend.tests.test_plans_feature.TestAdminPlans" name="test_deleted_plan_not_in_admin_list" time="0.102" /><testcase classname="backend.tests.test_plans_feature.TestAdminPlans" name="test_cleanup_premium_plan" time="0.105" /><testcase classname="backend.tests.test_plans_feature.TestGigBoardFeatureGating" name="test_gig_board_blocked_without_plan" time="0.527" /><testcase classname="backend.tests.test_plans_feature.TestGigBoardFeatureGating" name="test_gig_board_blocked_without_auth" time="0.103" /><testcase classname="backend.tests.test_plans_feature.TestPlanUserIntegration" name="test_create_active_gig_plan" time="0.103" /><testcase classname="backend.tests.test_plans_feature.TestPlanUserIntegration" name="test_plan_visible_in_public_endpoint" time="0.097" /><testcase classname="backend.tests.test_plans_feature.TestPlanUserIntegration" name="test_cleanup_gig_plan" time="0.096" /><testcase classname="backend.tests.test_plans_feature.TestLegacyMigration" name="test_create_plan_with_legacy_tier" time="0.108" /><testcase classname="backend.tests.test_plans_feature.TestLegacyMigration" name="test_manual_migrate_endpoint" time="0.101" /><testcase classname="backend.tests.test_plans_feature.TestLegacyMigration" name="test_migrate_plan_without_legacy_tier_fails" time="0.313" /><testcase classname="backend.tests.test_plans_feature.TestLegacyMigration" name="test_cleanup_legacy_plan" time="0.094" /><testcase classname="backend.tests.test_plans_feature.TestPlanErrorCases" name="test_create_plan_non_admin_fails" time="0.100" /><testcase classname="backend.tests.test_plans_feature.TestPlanErrorCases" name="test_delete_nonexistent_plan" time="0.105" /><testcase classname="backend.tests.test_plans_feature.TestPlanErrorCases" name="test_update_nonexistent_plan" time="0.105" /></testsuite></testsuites>