<?xml version="1.0" encoding="utf-8"?><testsuites name="pytest tests"><testsuite name="pytest" errors="0" failures="0" skipped="0" tests="8" time="11.892" timestamp="2026-07-01T10:33:28.042397+00:00" hostname="agent-env-b130c0e8-2667-4d29-b664-47bd3be2608c"><testcase classname="backend.tests.test_iteration5.TestChecklist" name="test_checklist_unauthenticated" time="0.487" /><testcase classname="backend.tests.test_iteration5.TestChecklist" name="test_checklist_returns_200_for_rohan" time="0.003" /><testcase classname="backend.tests.test_iteration5.TestChecklist" name="test_checklist_structure" time="0.002" /><testcase classname="backend.tests.test_iteration5.TestChecklist" name="test_checklist_items_have_required_fields" time="0.002" /><testcase classname="backend.tests.test_iteration5.TestChecklist" name="test_checklist_for_priya" time="0.003" /><testcase classname="backend.tests.test_iteration5.TestAICrewSuggestions" name="test_crew_suggestions_unauthenticated" time="0.002" /><testcase classname="backend.tests.test_iteration5.TestAICrewSuggestions" name="test_crew_suggestions_returns_response" time="11.325" /><testcase classname="backend.tests.test_iteration5.TestChecklistPhotoField" name="test_photo_checklist_item_matches_db_field" time="0.005" /></testsuite></testsuites>