<?xml version="1.0" encoding="utf-8"?><testsuites name="pytest tests"><testsuite name="pytest" errors="0" failures="0" skipped="0" tests="16" time="2.210" timestamp="2026-03-27T06:59:30.177502+00:00" hostname="agent-env-de61750e-fdbd-4d79-a39a-0652e34360c6"><testcase classname="backend.tests.test_crewbook.TestHealth" name="test_health" time="0.202" /><testcase classname="backend.tests.test_crewbook.TestAuth" name="test_register" time="0.303" /><testcase classname="backend.tests.test_crewbook.TestAuth" name="test_login_admin" time="0.277" /><testcase classname="backend.tests.test_crewbook.TestAuth" name="test_login_invalid" time="0.055" /><testcase classname="backend.tests.test_crewbook.TestAuth" name="test_me_endpoint" time="0.399" /><testcase classname="backend.tests.test_crewbook.TestAdmin" name="test_admin_stats" time="0.056" /><testcase classname="backend.tests.test_crewbook.TestAdmin" name="test_verification_queue" time="0.055" /><testcase classname="backend.tests.test_crewbook.TestAdmin" name="test_admin_users_list" time="0.054" /><testcase classname="backend.tests.test_crewbook.TestUsers" name="test_search_users" time="0.055" /><testcase classname="backend.tests.test_crewbook.TestUsers" name="test_get_profile" time="0.331" /><testcase classname="backend.tests.test_crewbook.TestGigs" name="test_list_gigs" time="0.056" /><testcase classname="backend.tests.test_crewbook.TestGigs" name="test_create_gig" time="0.057" /><testcase classname="backend.tests.test_crewbook.TestWallet" name="test_get_wallet" time="0.062" /><testcase classname="backend.tests.test_crewbook.TestWallet" name="test_subscription_plans" time="0.056" /><testcase classname="backend.tests.test_crewbook.TestNotifications" name="test_get_notifications" time="0.055" /><testcase classname="backend.tests.test_crewbook.TestConnections" name="test_get_connections" time="0.053" /></testsuite></testsuites>